Build started 4/13/2018 9:27:25 PM.
     1>Project "E:\Code\C, C++\assignment1\assignment1\assignment1.vcxproj" on node 2 (build target(s)).
     1>InitializeBuildStatus:
         Creating "Debug\assignment1.unsuccessfulbuild" because "AlwaysCreate" was specified.
       ClCompile:
         C:\Program Files (x86)\Microsoft Visual Studio 10.0\VC\bin\CL.exe /c /ZI /nologo /W3 /WX- /Od /Oy- /D _MBCS /Gm /EHsc /RTC1 /MDd /GS /fp:precise /Zc:wchar_t /Zc:forScope /Fo"Debug\\" /Fd"Debug\vc100.pdb" /Gd /TP /analyze- /errorReport:prompt assignment1.cpp
         assignment1.cpp
     1>e:\code\c, c++\assignment1\assignment1\assignment1.cpp(491): warning C4101: 'i' : unreferenced local variable
       Link:
         C:\Program Files (x86)\Microsoft Visual Studio 10.0\VC\bin\link.exe /ERRORREPORT:PROMPT /OUT:"E:\Code\C, C++\assignment1\Debug\assignment1.exe" /NOLOGO kernel32.lib user32.lib gdi32.lib winspool.lib comdlg32.lib advapi32.lib shell32.lib ole32.lib oleaut32.lib uuid.lib odbc32.lib odbccp32.lib /MANIFEST /ManifestFile:"Debug\assignment1.exe.intermediate.manifest" /MANIFESTUAC:"level='asInvoker' uiAccess='false'" /DEBUG /PDB:"E:\Code\C, C++\assignment1\Debug\assignment1.pdb" /TLBID:1 /DYNAMICBASE /NXCOMPAT /IMPLIB:"E:\Code\C, C++\assignment1\Debug\assignment1.lib" /MACHINE:X86 Debug\assignment1.obj
         LINK : E:\Code\C, C++\assignment1\Debug\assignment1.exe not found or not built by the last incremental link; performing full link
         assignment1.vcxproj -> E:\Code\C, C++\assignment1\Debug\assignment1.exe
       Manifest:
         C:\Program Files (x86)\Microsoft SDKs\Windows\v7.0A\bin\mt.exe /nologo /verbose /outputresource:"E:\Code\C, C++\assignment1\Debug\assignment1.exe;#1" /manifest Debug\assignment1.exe.intermediate.manifest
       FinalizeBuildStatus:
         Deleting file "Debug\assignment1.unsuccessfulbuild".
         Touching "Debug\assignment1.lastbuildstate".
     1>Done Building Project "E:\Code\C, C++\assignment1\assignment1\assignment1.vcxproj" (build target(s)).

Build succeeded.

Time Elapsed 00:00:01.60
